


ARM Macro Assembler    Page 1 


    1 00000000         ;/******************************************************
                       ********************//**
    2 00000000         ; * @file     startup_NSUC1602.s
    3 00000000         ; * @brief    CMSIS Cortex-M3 Core Device Startup File f
                       or
    4 00000000         ; *           Device NSUC1602
    5 00000000         ; * @version  V3.01
    6 00000000         ; * @date     2022.6.17
    7 00000000         ; *
    8 00000000         ; * @note
    9 00000000         ; * Copyright (C) 2013,2022 NOVOSNS Limited. All rights 
                       reserved.
   10 00000000         ; *
   11 00000000         ; * @par
   12 00000000         ; * ARM Limited (ARM) is supplying this software for use
                        with Cortex-M
   13 00000000         ; * processor based microcontrollers.  This file can be 
                       freely distributed
   14 00000000         ; * within development tools that are supporting such AR
                       M based processors.
   15 00000000         ; *
   16 00000000         ; * @par
   17 00000000         ; * THIS SOFTWARE IS PROVIDED "AS IS".  NO WARRANTIES, W
                       HETHER EXPRESS, IMPLIED
   18 00000000         ; * OR STATUTORY, INCLUDING, BUT NOT LIMITED TO, IMPLIED
                        WARRANTIES OF
   19 00000000         ; * MERCHANTABILITY AND FITNESS FOR A PARTICULAR PURPOSE
                        APPLY TO THIS SOFTWARE.
   20 00000000         ; * ARM SHALL NOT, IN ANY CIRCUMSTANCES, BE LIABLE FOR S
                       PECIAL, INCIDENTAL, OR
   21 00000000         ; * CONSEQUENTIAL DAMAGES, FOR ANY REASON WHATSOEVER.
   22 00000000         ; *
   23 00000000         ; ******************************************************
                       ************************/
   24 00000000         ;/*
   25 00000000         ;//-------- <<< Use Configuration Wizard in Context Menu
                        >>> ------------------
   26 00000000         ;*/
   27 00000000         
   28 00000000         
   29 00000000         ; <h> Stack Configuration
   30 00000000         ;   <o> Stack Size (in Bytes) <0x0-0xFFFFFFFF:8>
   31 00000000         ; </h>
   32 00000000         
   33 00000000         ;Stack_Size      EQU     0x00000400
   34 00000000 00000400 
                       Stack_Size
                               EQU              0x00000400
   35 00000000         
   36 00000000                 AREA             STACK, NOINIT, READWRITE, ALIGN
=3
   37 00000000         Stack_Mem
                               SPACE            Stack_Size
   38 00000400         __initial_sp
   39 00000400         
   40 00000400         
   41 00000400         ; <h> Heap Configuration
   42 00000400         ;   <o>  Heap Size (in Bytes) <0x0-0xFFFFFFFF:8>
   43 00000400         ; </h>



ARM Macro Assembler    Page 2 


   44 00000400         
   45 00000400         ;Heap_Size       EQU     0x00000200
   46 00000400 00000100 
                       Heap_Size
                               EQU              0x00000100
   47 00000400         
   48 00000400                 AREA             HEAP, NOINIT, READWRITE, ALIGN=
3
   49 00000000         __heap_base
   50 00000000         Heap_Mem
                               SPACE            Heap_Size
   51 00000100         __heap_limit
   52 00000100         
   53 00000100         
   54 00000100                 PRESERVE8
   55 00000100                 THUMB
   56 00000100         
   57 00000100         
   58 00000100         ; Vector Table Mapped to Address 0 at Reset
   59 00000100         
   60 00000100                 AREA             RESET, DATA, READONLY
   61 00000000                 EXPORT           __Vectors
   62 00000000                 EXPORT           __Vectors_End
   63 00000000                 EXPORT           __Vectors_Size
   64 00000000         
   65 00000000 00000000 
                       __Vectors
                               DCD              __initial_sp ; Top of Stack
   66 00000004 00000000        DCD              Reset_Handler ; Reset Handler
   67 00000008 00000000        DCD              NMI_Handler ; NMI Handler
   68 0000000C 00000000        DCD              HardFault_Handler ; Hard Fault 
                                                            Handler
   69 00000010 00000000        DCD              MemManage_Handler 
                                                            ; MPU Fault Handler
                                                            
   70 00000014 00000000        DCD              BusFault_Handler 
                                                            ; Bus Fault Handler
                                                            
   71 00000018 00000000        DCD              UsageFault_Handler ; Usage Faul
                                                            t Handler
   72 0000001C 00000000        DCD              0           ; Reserved
   73 00000020 00000000        DCD              0           ; Reserved
   74 00000024 00000000        DCD              0           ; Reserved
   75 00000028 00000000        DCD              0           ; Reserved
   76 0000002C 00000000        DCD              SVC_Handler ; SVCall Handler
   77 00000030 00000000        DCD              DebugMon_Handler ; Debug Monito
                                                            r Handler
   78 00000034 00000000        DCD              0           ; Reserved
   79 00000038 00000000        DCD              PendSV_Handler ; PendSV Handler
                                                            
   80 0000003C 00000000        DCD              SysTick_Handler 
                                                            ; SysTick Handler
   81 00000040         
   82 00000040         ; External Interrupts
   83 00000040 00000000        DCD              GPIO_IRQHandler ; GPIO
   84 00000044 00000000        DCD              TIM0_IRQHandler ; TIMER0
   85 00000048 00000000        DCD              TIM1_IRQHandler ; TIMER1
   86 0000004C 00000000        DCD              LINUART_IRQHandler ; LINUART
   87 00000050 00000000        DCD              EPWM_IRQHandler ; EPWM



ARM Macro Assembler    Page 3 


   88 00000054 00000000        DCD              UART1_IRQHandler ; UART1
   89 00000058 00000000        DCD              ADC_IRQHandler ; ADC
   90 0000005C 00000000        DCD              GDU_IRQHandler ; GDU
   91 00000060 00000000        DCD              SPI_IRQHandler ; SPI
   92 00000064 00000000        DCD              FLASH_IRQHandler ; FLASH
   93 00000068 00000000        DCD              PWMIO_IRQHandler ; PWMIO
   94 0000006C 00000000        DCD              LINPORT_IRQHandler ; LINPORT
   95 00000070 00000000        DCD              RFI_IRQHandler ; RFI
   96 00000074 00000000        DCD              DWDG_IRQHandler ; DWDG
   97 00000078 00000000        DCD              WWDG_IRQHandler ; WWDG
   98 0000007C 00000000        DCD              PMU_IRQHandler ; PMU
   99 00000080 00000000        DCD              CHP_IRQHandler ; CHP        
  100 00000084         __Vectors_End
  101 00000084         
  102 00000084 00000084 
                       __Vectors_Size
                               EQU              __Vectors_End - __Vectors
  103 00000084         
  104 00000084                 AREA             |.text|, CODE, READONLY
  105 00000000         
  106 00000000         
  107 00000000         ; Reset Handler
  108 00000000         
  109 00000000         Reset_Handler
                               PROC
  110 00000000                 EXPORT           Reset_Handler             [WEAK
]
  111 00000000                 IMPORT           SystemInit
  112 00000000                 IMPORT           __main
  113 00000000         ;IMPORT  main
  114 00000000 4814            LDR              R0, =SystemInit
  115 00000002 4780            BLX              R0
  116 00000004 4814            LDR              R0, =__main
  117 00000006         ;LDR     R0, =main
  118 00000006 4700            BX               R0
  119 00000008                 ENDP
  120 00000008         
  121 00000008         
  122 00000008         ; Dummy Exception Handlers (infinite loops which can be 
                       modified)
  123 00000008         
  124 00000008         NMI_Handler
                               PROC
  125 00000008                 EXPORT           NMI_Handler               [WEAK
]
  126 00000008                 IMPORT           NMIHandler
  127 00000008 B500            PUSH             {LR}
  128 0000000A F7FF FFFE       BL               NMIHandler
  129 0000000E BD00            POP              {PC}
  130 00000010                 ENDP
  131 00000010         
  132 00000010         HardFault_Handler
                               PROC
  133 00000010                 EXPORT           HardFault_Handler         [WEAK
]
  134 00000010                 IMPORT           HardFaultHandler
  135 00000010 B500            PUSH             {LR}
  136 00000012 F7FF FFFE       BL               HardFaultHandler
  137 00000016 BD00            POP              {PC}



ARM Macro Assembler    Page 4 


  138 00000018                 ENDP
  139 00000018         
  140 00000018         MemManage_Handler
                               PROC
  141 00000018                 EXPORT           MemManage_Handler         [WEAK
]
  142 00000018                 IMPORT           MemManageHandler
  143 00000018 B500            PUSH             {LR}
  144 0000001A F7FF FFFE       BL               MemManageHandler
  145 0000001E BD00            POP              {PC}
  146 00000020                 ENDP
  147 00000020         
  148 00000020         BusFault_Handler
                               PROC
  149 00000020                 EXPORT           BusFault_Handler          [WEAK
]
  150 00000020                 IMPORT           BusFaultHandler
  151 00000020 B500            PUSH             {LR}
  152 00000022 F7FF FFFE       BL               BusFaultHandler
  153 00000026 BD00            POP              {PC}
  154 00000028                 ENDP
  155 00000028         
  156 00000028         UsageFault_Handler
                               PROC
  157 00000028                 EXPORT           UsageFault_Handler        [WEAK
]
  158 00000028                 IMPORT           UsageFaultHandler
  159 00000028 B500            PUSH             {LR}
  160 0000002A F7FF FFFE       BL               UsageFaultHandler
  161 0000002E BD00            POP              {PC}
  162 00000030                 ENDP
  163 00000030         
  164 00000030         SVC_Handler
                               PROC
  165 00000030                 EXPORT           SVC_Handler               [WEAK
]
  166 00000030                 IMPORT           SVCHandler
  167 00000030 B500            PUSH             {LR}
  168 00000032 F7FF FFFE       BL               SVCHandler
  169 00000036 BD00            POP              {PC}
  170 00000038                 ENDP
  171 00000038         
  172 00000038         DebugMon_Handler
                               PROC
  173 00000038                 EXPORT           DebugMon_Handler          [WEAK
]
  174 00000038                 IMPORT           DebugMonHandler
  175 00000038 B500            PUSH             {LR}
  176 0000003A F7FF FFFE       BL               DebugMonHandler
  177 0000003E BD00            POP              {PC}
  178 00000040                 ENDP
  179 00000040         
  180 00000040         PendSV_Handler
                               PROC
  181 00000040                 EXPORT           PendSV_Handler            [WEAK
]
  182 00000040                 IMPORT           PendSVHandler
  183 00000040 B500            PUSH             {LR}
  184 00000042 F7FF FFFE       BL               PendSVHandler



ARM Macro Assembler    Page 5 


  185 00000046 BD00            POP              {PC}
  186 00000048                 ENDP
  187 00000048         
  188 00000048         SysTick_Handler
                               PROC
  189 00000048                 EXPORT           SysTick_Handler           [WEAK
]
  190 00000048                 IMPORT           SysTickHandler
  191 00000048 B500            PUSH             {LR}
  192 0000004A F7FF FFFE       BL               SysTickHandler
  193 0000004E BD00            POP              {PC}
  194 00000050                 ENDP
  195 00000050         
  196 00000050         Default_Handler
                               PROC
  197 00000050         
  198 00000050                 EXPORT           GPIO_IRQHandler             [WE
AK]
  199 00000050                 EXPORT           TIM0_IRQHandler             [WE
AK]
  200 00000050                 EXPORT           TIM1_IRQHandler             [WE
AK]
  201 00000050                 EXPORT           LINUART_IRQHandler          [WE
AK]
  202 00000050                 EXPORT           EPWM_IRQHandler             [WE
AK]
  203 00000050                 EXPORT           UART1_IRQHandler            [WE
AK]
  204 00000050                 EXPORT           ADC_IRQHandler              [WE
AK]
  205 00000050                 EXPORT           GDU_IRQHandler              [WE
AK]
  206 00000050                 EXPORT           SPI_IRQHandler              [WE
AK]
  207 00000050                 EXPORT           FLASH_IRQHandler            [WE
AK]
  208 00000050                 EXPORT           PWMIO_IRQHandler            [WE
AK]
  209 00000050                 EXPORT           LINPORT_IRQHandler          [WE
AK]
  210 00000050                 EXPORT           RFI_IRQHandler              [WE
AK]
  211 00000050                 EXPORT           DWDG_IRQHandler             [WE
AK]
  212 00000050                 EXPORT           WWDG_IRQHandler             [WE
AK]
  213 00000050                 EXPORT           PMU_IRQHandler              [WE
AK]
  214 00000050                 EXPORT           CHP_IRQHandler              [WE
AK]
  215 00000050         
  216 00000050         GPIO_IRQHandler
  217 00000050         TIM0_IRQHandler
  218 00000050         TIM1_IRQHandler
  219 00000050         LINUART_IRQHandler
  220 00000050         EPWM_IRQHandler
  221 00000050         UART1_IRQHandler
  222 00000050         ADC_IRQHandler
  223 00000050         GDU_IRQHandler



ARM Macro Assembler    Page 6 


  224 00000050         SPI_IRQHandler
  225 00000050         FLASH_IRQHandler
  226 00000050         PWMIO_IRQHandler
  227 00000050         LINPORT_IRQHandler
  228 00000050         RFI_IRQHandler
  229 00000050         DWDG_IRQHandler
  230 00000050         WWDG_IRQHandler
  231 00000050         PMU_IRQHandler
  232 00000050         CHP_IRQHandler
  233 00000050 E7FE            B                .
  234 00000052         
  235 00000052                 ENDP
  236 00000052         
  237 00000052 00 00           ALIGN
  238 00000054         
  239 00000054         
  240 00000054         ; User Initial Stack & Heap
  241 00000054         
  242 00000054                 IF               :DEF:__MICROLIB
  243 00000054         
  244 00000054                 EXPORT           __initial_sp
  245 00000054                 EXPORT           __heap_base
  246 00000054                 EXPORT           __heap_limit
  247 00000054         
  248 00000054                 ELSE
  263                          ENDIF
  264 00000054         
  265 00000054         
  266 00000054                 END
              00000000 
              00000000 
Command Line: --debug --xref --diag_suppress=9931 --cpu=Cortex-M3 --apcs=interw
ork --depend=.\objects\startup_nsuc1602.d -o.\objects\startup_nsuc1602.o -I.\RT
E\_NSUC1602 -IC:\Keil_v5\ARM\PACK\Novosns\NSUC1602\1.0.0\Device\Include -IC:\Ke
il_v5\ARM\CMSIS\Include --predefine="__MICROLIB SETA 1" --predefine="__UVISION_
VERSION SETA 525" --list=.\listings\startup_nsuc1602.lst ..\..\common\System\st
artup_NSUC1602.s



ARM Macro Assembler    Page 1 Alphabetic symbol ordering
Relocatable symbols

STACK 00000000

Symbol: STACK
   Definitions
      At line 36 in file ..\..\common\System\startup_NSUC1602.s
   Uses
      None
Comment: STACK unused
Stack_Mem 00000000

Symbol: Stack_Mem
   Definitions
      At line 37 in file ..\..\common\System\startup_NSUC1602.s
   Uses
      None
Comment: Stack_Mem unused
__initial_sp 00000400

Symbol: __initial_sp
   Definitions
      At line 38 in file ..\..\common\System\startup_NSUC1602.s
   Uses
      At line 65 in file ..\..\common\System\startup_NSUC1602.s
      At line 244 in file ..\..\common\System\startup_NSUC1602.s

3 symbols



ARM Macro Assembler    Page 1 Alphabetic symbol ordering
Relocatable symbols

HEAP 00000000

Symbol: HEAP
   Definitions
      At line 48 in file ..\..\common\System\startup_NSUC1602.s
   Uses
      None
Comment: HEAP unused
Heap_Mem 00000000

Symbol: Heap_Mem
   Definitions
      At line 50 in file ..\..\common\System\startup_NSUC1602.s
   Uses
      None
Comment: Heap_Mem unused
__heap_base 00000000

Symbol: __heap_base
   Definitions
      At line 49 in file ..\..\common\System\startup_NSUC1602.s
   Uses
      At line 245 in file ..\..\common\System\startup_NSUC1602.s
Comment: __heap_base used once
__heap_limit 00000100

Symbol: __heap_limit
   Definitions
      At line 51 in file ..\..\common\System\startup_NSUC1602.s
   Uses
      At line 246 in file ..\..\common\System\startup_NSUC1602.s
Comment: __heap_limit used once
4 symbols



ARM Macro Assembler    Page 1 Alphabetic symbol ordering
Relocatable symbols

RESET 00000000

Symbol: RESET
   Definitions
      At line 60 in file ..\..\common\System\startup_NSUC1602.s
   Uses
      None
Comment: RESET unused
__Vectors 00000000

Symbol: __Vectors
   Definitions
      At line 65 in file ..\..\common\System\startup_NSUC1602.s
   Uses
      At line 61 in file ..\..\common\System\startup_NSUC1602.s
      At line 102 in file ..\..\common\System\startup_NSUC1602.s

__Vectors_End 00000084

Symbol: __Vectors_End
   Definitions
      At line 100 in file ..\..\common\System\startup_NSUC1602.s
   Uses
      At line 62 in file ..\..\common\System\startup_NSUC1602.s
      At line 102 in file ..\..\common\System\startup_NSUC1602.s

3 symbols



ARM Macro Assembler    Page 1 Alphabetic symbol ordering
Relocatable symbols

.text 00000000

Symbol: .text
   Definitions
      At line 104 in file ..\..\common\System\startup_NSUC1602.s
   Uses
      None
Comment: .text unused
ADC_IRQHandler 00000050

Symbol: ADC_IRQHandler
   Definitions
      At line 222 in file ..\..\common\System\startup_NSUC1602.s
   Uses
      At line 89 in file ..\..\common\System\startup_NSUC1602.s
      At line 204 in file ..\..\common\System\startup_NSUC1602.s

BusFault_Handler 00000020

Symbol: BusFault_Handler
   Definitions
      At line 148 in file ..\..\common\System\startup_NSUC1602.s
   Uses
      At line 70 in file ..\..\common\System\startup_NSUC1602.s
      At line 149 in file ..\..\common\System\startup_NSUC1602.s

CHP_IRQHandler 00000050

Symbol: CHP_IRQHandler
   Definitions
      At line 232 in file ..\..\common\System\startup_NSUC1602.s
   Uses
      At line 99 in file ..\..\common\System\startup_NSUC1602.s
      At line 214 in file ..\..\common\System\startup_NSUC1602.s

DWDG_IRQHandler 00000050

Symbol: DWDG_IRQHandler
   Definitions
      At line 229 in file ..\..\common\System\startup_NSUC1602.s
   Uses
      At line 96 in file ..\..\common\System\startup_NSUC1602.s
      At line 211 in file ..\..\common\System\startup_NSUC1602.s

DebugMon_Handler 00000038

Symbol: DebugMon_Handler
   Definitions
      At line 172 in file ..\..\common\System\startup_NSUC1602.s
   Uses
      At line 77 in file ..\..\common\System\startup_NSUC1602.s
      At line 173 in file ..\..\common\System\startup_NSUC1602.s

Default_Handler 00000050

Symbol: Default_Handler
   Definitions
      At line 196 in file ..\..\common\System\startup_NSUC1602.s
   Uses



ARM Macro Assembler    Page 2 Alphabetic symbol ordering
Relocatable symbols

      None
Comment: Default_Handler unused
EPWM_IRQHandler 00000050

Symbol: EPWM_IRQHandler
   Definitions
      At line 220 in file ..\..\common\System\startup_NSUC1602.s
   Uses
      At line 87 in file ..\..\common\System\startup_NSUC1602.s
      At line 202 in file ..\..\common\System\startup_NSUC1602.s

FLASH_IRQHandler 00000050

Symbol: FLASH_IRQHandler
   Definitions
      At line 225 in file ..\..\common\System\startup_NSUC1602.s
   Uses
      At line 92 in file ..\..\common\System\startup_NSUC1602.s
      At line 207 in file ..\..\common\System\startup_NSUC1602.s

GDU_IRQHandler 00000050

Symbol: GDU_IRQHandler
   Definitions
      At line 223 in file ..\..\common\System\startup_NSUC1602.s
   Uses
      At line 90 in file ..\..\common\System\startup_NSUC1602.s
      At line 205 in file ..\..\common\System\startup_NSUC1602.s

GPIO_IRQHandler 00000050

Symbol: GPIO_IRQHandler
   Definitions
      At line 216 in file ..\..\common\System\startup_NSUC1602.s
   Uses
      At line 83 in file ..\..\common\System\startup_NSUC1602.s
      At line 198 in file ..\..\common\System\startup_NSUC1602.s

HardFault_Handler 00000010

Symbol: HardFault_Handler
   Definitions
      At line 132 in file ..\..\common\System\startup_NSUC1602.s
   Uses
      At line 68 in file ..\..\common\System\startup_NSUC1602.s
      At line 133 in file ..\..\common\System\startup_NSUC1602.s

LINPORT_IRQHandler 00000050

Symbol: LINPORT_IRQHandler
   Definitions
      At line 227 in file ..\..\common\System\startup_NSUC1602.s
   Uses
      At line 94 in file ..\..\common\System\startup_NSUC1602.s
      At line 209 in file ..\..\common\System\startup_NSUC1602.s

LINUART_IRQHandler 00000050

Symbol: LINUART_IRQHandler



ARM Macro Assembler    Page 3 Alphabetic symbol ordering
Relocatable symbols

   Definitions
      At line 219 in file ..\..\common\System\startup_NSUC1602.s
   Uses
      At line 86 in file ..\..\common\System\startup_NSUC1602.s
      At line 201 in file ..\..\common\System\startup_NSUC1602.s

MemManage_Handler 00000018

Symbol: MemManage_Handler
   Definitions
      At line 140 in file ..\..\common\System\startup_NSUC1602.s
   Uses
      At line 69 in file ..\..\common\System\startup_NSUC1602.s
      At line 141 in file ..\..\common\System\startup_NSUC1602.s

NMI_Handler 00000008

Symbol: NMI_Handler
   Definitions
      At line 124 in file ..\..\common\System\startup_NSUC1602.s
   Uses
      At line 67 in file ..\..\common\System\startup_NSUC1602.s
      At line 125 in file ..\..\common\System\startup_NSUC1602.s

PMU_IRQHandler 00000050

Symbol: PMU_IRQHandler
   Definitions
      At line 231 in file ..\..\common\System\startup_NSUC1602.s
   Uses
      At line 98 in file ..\..\common\System\startup_NSUC1602.s
      At line 213 in file ..\..\common\System\startup_NSUC1602.s

PWMIO_IRQHandler 00000050

Symbol: PWMIO_IRQHandler
   Definitions
      At line 226 in file ..\..\common\System\startup_NSUC1602.s
   Uses
      At line 93 in file ..\..\common\System\startup_NSUC1602.s
      At line 208 in file ..\..\common\System\startup_NSUC1602.s

PendSV_Handler 00000040

Symbol: PendSV_Handler
   Definitions
      At line 180 in file ..\..\common\System\startup_NSUC1602.s
   Uses
      At line 79 in file ..\..\common\System\startup_NSUC1602.s
      At line 181 in file ..\..\common\System\startup_NSUC1602.s

RFI_IRQHandler 00000050

Symbol: RFI_IRQHandler
   Definitions
      At line 228 in file ..\..\common\System\startup_NSUC1602.s
   Uses
      At line 95 in file ..\..\common\System\startup_NSUC1602.s
      At line 210 in file ..\..\common\System\startup_NSUC1602.s



ARM Macro Assembler    Page 4 Alphabetic symbol ordering
Relocatable symbols


Reset_Handler 00000000

Symbol: Reset_Handler
   Definitions
      At line 109 in file ..\..\common\System\startup_NSUC1602.s
   Uses
      At line 66 in file ..\..\common\System\startup_NSUC1602.s
      At line 110 in file ..\..\common\System\startup_NSUC1602.s

SPI_IRQHandler 00000050

Symbol: SPI_IRQHandler
   Definitions
      At line 224 in file ..\..\common\System\startup_NSUC1602.s
   Uses
      At line 91 in file ..\..\common\System\startup_NSUC1602.s
      At line 206 in file ..\..\common\System\startup_NSUC1602.s

SVC_Handler 00000030

Symbol: SVC_Handler
   Definitions
      At line 164 in file ..\..\common\System\startup_NSUC1602.s
   Uses
      At line 76 in file ..\..\common\System\startup_NSUC1602.s
      At line 165 in file ..\..\common\System\startup_NSUC1602.s

SysTick_Handler 00000048

Symbol: SysTick_Handler
   Definitions
      At line 188 in file ..\..\common\System\startup_NSUC1602.s
   Uses
      At line 80 in file ..\..\common\System\startup_NSUC1602.s
      At line 189 in file ..\..\common\System\startup_NSUC1602.s

TIM0_IRQHandler 00000050

Symbol: TIM0_IRQHandler
   Definitions
      At line 217 in file ..\..\common\System\startup_NSUC1602.s
   Uses
      At line 84 in file ..\..\common\System\startup_NSUC1602.s
      At line 199 in file ..\..\common\System\startup_NSUC1602.s

TIM1_IRQHandler 00000050

Symbol: TIM1_IRQHandler
   Definitions
      At line 218 in file ..\..\common\System\startup_NSUC1602.s
   Uses
      At line 85 in file ..\..\common\System\startup_NSUC1602.s
      At line 200 in file ..\..\common\System\startup_NSUC1602.s

UART1_IRQHandler 00000050

Symbol: UART1_IRQHandler
   Definitions



ARM Macro Assembler    Page 5 Alphabetic symbol ordering
Relocatable symbols

      At line 221 in file ..\..\common\System\startup_NSUC1602.s
   Uses
      At line 88 in file ..\..\common\System\startup_NSUC1602.s
      At line 203 in file ..\..\common\System\startup_NSUC1602.s

UsageFault_Handler 00000028

Symbol: UsageFault_Handler
   Definitions
      At line 156 in file ..\..\common\System\startup_NSUC1602.s
   Uses
      At line 71 in file ..\..\common\System\startup_NSUC1602.s
      At line 157 in file ..\..\common\System\startup_NSUC1602.s

WWDG_IRQHandler 00000050

Symbol: WWDG_IRQHandler
   Definitions
      At line 230 in file ..\..\common\System\startup_NSUC1602.s
   Uses
      At line 97 in file ..\..\common\System\startup_NSUC1602.s
      At line 212 in file ..\..\common\System\startup_NSUC1602.s

29 symbols



ARM Macro Assembler    Page 1 Alphabetic symbol ordering
Absolute symbols

Heap_Size 00000100

Symbol: Heap_Size
   Definitions
      At line 46 in file ..\..\common\System\startup_NSUC1602.s
   Uses
      At line 50 in file ..\..\common\System\startup_NSUC1602.s
Comment: Heap_Size used once
Stack_Size 00000400

Symbol: Stack_Size
   Definitions
      At line 34 in file ..\..\common\System\startup_NSUC1602.s
   Uses
      At line 37 in file ..\..\common\System\startup_NSUC1602.s
Comment: Stack_Size used once
__Vectors_Size 00000084

Symbol: __Vectors_Size
   Definitions
      At line 102 in file ..\..\common\System\startup_NSUC1602.s
   Uses
      At line 63 in file ..\..\common\System\startup_NSUC1602.s
Comment: __Vectors_Size used once
3 symbols



ARM Macro Assembler    Page 1 Alphabetic symbol ordering
External symbols

BusFaultHandler 00000000

Symbol: BusFaultHandler
   Definitions
      At line 150 in file ..\..\common\System\startup_NSUC1602.s
   Uses
      At line 152 in file ..\..\common\System\startup_NSUC1602.s
Comment: BusFaultHandler used once
DebugMonHandler 00000000

Symbol: DebugMonHandler
   Definitions
      At line 174 in file ..\..\common\System\startup_NSUC1602.s
   Uses
      At line 176 in file ..\..\common\System\startup_NSUC1602.s
Comment: DebugMonHandler used once
HardFaultHandler 00000000

Symbol: HardFaultHandler
   Definitions
      At line 134 in file ..\..\common\System\startup_NSUC1602.s
   Uses
      At line 136 in file ..\..\common\System\startup_NSUC1602.s
Comment: HardFaultHandler used once
MemManageHandler 00000000

Symbol: MemManageHandler
   Definitions
      At line 142 in file ..\..\common\System\startup_NSUC1602.s
   Uses
      At line 144 in file ..\..\common\System\startup_NSUC1602.s
Comment: MemManageHandler used once
NMIHandler 00000000

Symbol: NMIHandler
   Definitions
      At line 126 in file ..\..\common\System\startup_NSUC1602.s
   Uses
      At line 128 in file ..\..\common\System\startup_NSUC1602.s
Comment: NMIHandler used once
PendSVHandler 00000000

Symbol: PendSVHandler
   Definitions
      At line 182 in file ..\..\common\System\startup_NSUC1602.s
   Uses
      At line 184 in file ..\..\common\System\startup_NSUC1602.s
Comment: PendSVHandler used once
SVCHandler 00000000

Symbol: SVCHandler
   Definitions
      At line 166 in file ..\..\common\System\startup_NSUC1602.s
   Uses
      At line 168 in file ..\..\common\System\startup_NSUC1602.s
Comment: SVCHandler used once
SysTickHandler 00000000

Symbol: SysTickHandler



ARM Macro Assembler    Page 2 Alphabetic symbol ordering
External symbols

   Definitions
      At line 190 in file ..\..\common\System\startup_NSUC1602.s
   Uses
      At line 192 in file ..\..\common\System\startup_NSUC1602.s
Comment: SysTickHandler used once
SystemInit 00000000

Symbol: SystemInit
   Definitions
      At line 111 in file ..\..\common\System\startup_NSUC1602.s
   Uses
      At line 114 in file ..\..\common\System\startup_NSUC1602.s
Comment: SystemInit used once
UsageFaultHandler 00000000

Symbol: UsageFaultHandler
   Definitions
      At line 158 in file ..\..\common\System\startup_NSUC1602.s
   Uses
      At line 160 in file ..\..\common\System\startup_NSUC1602.s
Comment: UsageFaultHandler used once
__main 00000000

Symbol: __main
   Definitions
      At line 112 in file ..\..\common\System\startup_NSUC1602.s
   Uses
      At line 116 in file ..\..\common\System\startup_NSUC1602.s
Comment: __main used once
11 symbols
387 symbols in table
