C251 COMPILER V5.60.0,  ADC_Collection                                                     25/08/25  13:09:10  PAGE 1   


C251 COMPILER V5.60.0, COMPILATION OF MODULE ADC_Collection
OBJECT MODULE PLACED IN .\out_file\ADC_Collection.obj
COMPILER INVOKED BY: D:\keil\C251\BIN\C251.EXE ADC_Collection.c LARGE NOALIAS FLOAT64 WARNINGLEVEL(3) OPTIMIZE(0,SIZE) B
                    -ROWSE INCDIR(..\..\libraries\zf_common;..\..\libraries\zf_components;..\..\libraries\zf_device;..\..\libraries\zf_driver
                    -;..\user;..\code) DEBUG PRINT(.\out_file\ADC_Collection.lst) TABS(2) OBJECT(.\out_file\ADC_Collection.obj) 

stmt  level    source

*** WARNING C38 IN LINE 1 OF ADC_Collection.c: empty translation unit


Module Information          Static   Overlayable
------------------------------------------------
  code size            =    ------     ------
  ecode size           =    ------     ------
  data size            =    ------     ------
  idata size           =    ------     ------
  pdata size           =    ------     ------
  xdata size           =    ------     ------
  xdata-const size     =    ------     ------
  edata size           =    ------     ------
  bit size             =    ------     ------
  ebit size            =    ------     ------
  bitaddressable size  =    ------     ------
  ebitaddressable size =    ------     ------
  far data size        =    ------     ------
  huge data size       =    ------     ------
  const size           =    ------     ------
  hconst size          =    ------     ------
End of Module Information.


C251 COMPILATION COMPLETE.  1 WARNING(S),  0 ERROR(S)
