C251 COMPILER V5.60.0,  type                                                               26/11/25  14:51:14  PAGE 1   


C251 COMPILER V5.60.0, COMPILATION OF MODULE type
OBJECT MODULE PLACED IN .\out_file\type.obj
COMPILER INVOKED BY: D:\Keil_v5\C251\BIN\C251.EXE ..\user\type.c LARGE NOALIAS FLOAT64 WARNINGLEVEL(3) OPTIMIZE(0,SIZE) 
                    -BROWSE INCDIR(..\..\libraries\zf_common;..\..\libraries\zf_components;..\..\libraries\zf_device;..\..\libraries\zf_drive
                    -r;..\user;..\code) DEBUG PRINT(.\out_file\type.lst) TABS(2) OBJECT(.\out_file\type.obj) 

stmt  level    source

*** WARNING C38 IN LINE 1 OF ..\user\type.c: empty translation unit


Module Information          Static   Overlayable
------------------------------------------------
  code size            =    ------     ------
  ecode size           =    ------     ------
  data size            =    ------     ------
  idata size           =    ------     ------
  pdata size           =    ------     ------
  xdata size           =    ------     ------
  xdata-const size     =    ------     ------
  edata size           =    ------     ------
  bit size             =    ------     ------
  ebit size            =    ------     ------
  bitaddressable size  =    ------     ------
  ebitaddressable size =    ------     ------
  far data size        =    ------     ------
  huge data size       =    ------     ------
  const size           =    ------     ------
  hconst size          =    ------     ------
End of Module Information.


C251 COMPILATION COMPLETE.  1 WARNING(S),  0 ERROR(S)
